<?xml version="1.0" encoding="UTF-8"?>
<!-- Generated by org.testng.reporters.JUnitReportReporter -->
<testsuite hostname="LAPTOP-RG5Q252U" failures="0" tests="8" name="runners.TestNGRunner" time="263.580" errors="0" timestamp="2022-11-07T11:42:51 IST" skipped="0">
  <testcase classname="runners.TestNGRunner" name="runScenario" time="29.835"/>
  <system-out/>
  <testcase classname="runners.TestNGRunner" name="runScenario" time="31.060"/>
  <system-out/>
  <testcase classname="runners.TestNGRunner" name="runScenario" time="23.399"/>
  <system-out/>
  <testcase classname="runners.TestNGRunner" name="runScenario" time="21.946"/>
  <system-out/>
  <testcase classname="runners.TestNGRunner" name="runScenario" time="23.440"/>
  <system-out/>
  <testcase classname="runners.TestNGRunner" name="runScenario" time="22.666"/>
  <system-out/>
  <testcase classname="runners.TestNGRunner" name="runScenario" time="88.604"/>
  <system-out/>
  <testcase classname="runners.TestNGRunner" name="runScenario" time="22.630"/>
  <system-out/>
</testsuite> <!-- runners.TestNGRunner -->
