<?xml version="1.0" encoding="UTF-8"?>
<!-- Generated by org.testng.reporters.JUnitReportReporter -->
<testsuite hostname="LAPTOP-RG5Q252U" failures="0" tests="1" name="runners.TestNGRunner" time="77.891" errors="0" timestamp="2022-11-06T21:45:54 IST" skipped="0">
  <testcase classname="runners.TestNGRunner" name="runScenario" time="77.891"/>
  <system-out/>
</testsuite> <!-- runners.TestNGRunner -->
