<?xml version="1.0" encoding="UTF-8"?>
<!-- Generated by org.testng.reporters.JUnitReportReporter -->
<testsuite skipped="0" hostname="LAPTOP-RG5Q252U" name="runners.TestNGRunner" tests="8" failures="0" timestamp="2022-11-07T11:45:59 IST" time="218.908" errors="0">
  <testcase name="runScenario" time="18.884" classname="runners.TestNGRunner"/>
  <system-out/>
  <testcase name="runScenario" time="17.682" classname="runners.TestNGRunner"/>
  <system-out/>
  <testcase name="runScenario" time="18.368" classname="runners.TestNGRunner"/>
  <system-out/>
  <testcase name="runScenario" time="19.156" classname="runners.TestNGRunner"/>
  <system-out/>
  <testcase name="runScenario" time="84.628" classname="runners.TestNGRunner"/>
  <system-out/>
  <testcase name="runScenario" time="18.980" classname="runners.TestNGRunner"/>
  <system-out/>
  <testcase name="runScenario" time="19.105" classname="runners.TestNGRunner"/>
  <system-out/>
  <testcase name="runScenario" time="22.105" classname="runners.TestNGRunner"/>
  <system-out/>
</testsuite> <!-- runners.TestNGRunner -->
