<?xml version="1.0" encoding="UTF-8"?>
<!-- Generated by org.testng.reporters.JUnitReportReporter -->
<testsuite skipped="0" hostname="LAPTOP-RG5Q252U" name="runners.TestNGRunner" tests="3" failures="0" timestamp="2022-09-12T13:05:06 IST" time="26.987" errors="0">
  <testcase name="runScenario" time="6.138" classname="runners.TestNGRunner"/>
  <system-out/>
  <testcase name="runScenario" time="10.429" classname="runners.TestNGRunner"/>
  <system-out/>
  <testcase name="runScenario" time="10.420" classname="runners.TestNGRunner"/>
  <system-out/>
</testsuite> <!-- runners.TestNGRunner -->
