<?xml version="1.0" encoding="UTF-8"?>
<!-- Generated by org.testng.reporters.JUnitReportReporter -->
<testsuite skipped="0" hostname="LAPTOP-RG5Q252U" name="runners.TestNGRunner" tests="8" failures="0" timestamp="2022-11-07T04:01:50 IST" time="254.390" errors="0">
  <testcase name="runScenario" time="22.537" classname="runners.TestNGRunner"/>
  <system-out/>
  <testcase name="runScenario" time="21.994" classname="runners.TestNGRunner"/>
  <system-out/>
  <testcase name="runScenario" time="91.210" classname="runners.TestNGRunner"/>
  <system-out/>
  <testcase name="runScenario" time="20.329" classname="runners.TestNGRunner"/>
  <system-out/>
  <testcase name="runScenario" time="22.946" classname="runners.TestNGRunner"/>
  <system-out/>
  <testcase name="runScenario" time="22.285" classname="runners.TestNGRunner"/>
  <system-out/>
  <testcase name="runScenario" time="30.640" classname="runners.TestNGRunner"/>
  <system-out/>
  <testcase name="runScenario" time="22.449" classname="runners.TestNGRunner"/>
  <system-out/>
</testsuite> <!-- runners.TestNGRunner -->
